<?xml version="1.0" encoding="UTF-8"?>
<testng-results ignored="0" total="1" passed="1" failed="0" skipped="0">
  <reporter-output>
  </reporter-output>
  <suite started-at="2023-05-01T16:06:11 IST" name="Default suite" finished-at="2023-05-01T16:06:11 IST" duration-ms="55">
    <groups>
    </groups>
    <test started-at="2023-05-01T16:06:11 IST" name="Default test" finished-at="2023-05-01T16:06:11 IST" duration-ms="55">
      <class name="com.sgtesting.User.User">
        <test-method is-config="true" signature="setup()[pri:0, instance:com.sgtesting.User.User@4e7912d8]" started-at="2023-05-01T16:06:11 IST" name="setup" finished-at="2023-05-01T16:06:11 IST" duration-ms="9" status="PASS">
          <reporter-output>
          </reporter-output>
        </test-method> <!-- setup -->
        <test-method signature="CreateUser()[pri:0, instance:com.sgtesting.User.User@4e7912d8]" started-at="2023-05-01T16:06:11 IST" name="CreateUser" finished-at="2023-05-01T16:06:11 IST" duration-ms="5" status="PASS">
          <reporter-output>
          </reporter-output>
        </test-method> <!-- CreateUser -->
        <test-method is-config="true" signature="tearDown()[pri:0, instance:com.sgtesting.User.User@4e7912d8]" started-at="2023-05-01T16:06:11 IST" name="tearDown" finished-at="2023-05-01T16:06:11 IST" duration-ms="0" status="PASS">
          <reporter-output>
          </reporter-output>
        </test-method> <!-- tearDown -->
      </class> <!-- com.sgtesting.User.User -->
    </test> <!-- Default test -->
  </suite> <!-- Default suite -->
</testng-results>
